1:BUILD_BY[name] student1
1:BUILD_ENVIRONMENT[operating system 32 vs 64] Ubuntu 64
1:DEPENDENCIES[list of dependencies with where to get them]

1:END_DEPENDENCIES
1:NOTES[notes on attempted build]

/usr/include/features.h:324:26: fatal error: bits/predefs.h: No such file or directory
compilation terminated.
make[6]: *** [_muldi3.o] Error 1
make[6]: Leaving directory `/home/student1/Downloads/builds/taco9/PopC13/open-stream/gcc/build/x86_64-unknown-linux-gnu/32/libgcc'
make[5]: *** [multi-do] Error 1
make[5]: Leaving directory `/home/student1/Downloads/builds/taco9/PopC13/open-stream/gcc/build/x86_64-unknown-linux-gnu/libgcc'
make[4]: *** [all-multi] Error 2
make[4]: Leaving directory `/home/student1/Downloads/builds/taco9/PopC13/open-stream/gcc/build/x86_64-unknown-linux-gnu/libgcc'
make[3]: *** [all-target-libgcc] Error 2
make[3]: Leaving directory `/home/student1/Downloads/builds/taco9/PopC13/open-stream/gcc/build'
make[2]: *** [all] Error 2
make[2]: Leaving directory `/home/student1/Downloads/builds/taco9/PopC13/open-stream/gcc/build'
make[1]: *** [/home/student1/Downloads/builds/taco9/PopC13/open-stream/install/bin/gcc] Error 2
make[1]: Leaving directory `/home/student1/Downloads/builds/taco9/PopC13/open-stream'
make: *** [all] Error 2


1:END_NOTES
VERIFY:ANALYSIS_BY[name]
VERIFY:STATUS[unknown,needed,not_needed,started,finished] unknown
VERIFY:COMMENT[string]


