1:BUILD_BY[name] student4
1:BUILD_ENVIRONMENT[operating system 32 vs 64] ubuntu 64
1:DEPENDENCIES[list of dependencies with where to get them]
g++, using apt-get
1:END_DEPENDENCIES
1:NOTES[notes on attempted build]
Produced error when attempting to compile example file,:
example.c:74:17: error: expected ‘;’ before ‘z12’
example.c:75:3: error: ‘z12’ was not declared in this scope
make: *** [example.o] Error 1
1:END_NOTES
VERIFY:ANALYSIS_BY[name]
VERIFY:STATUS[unknown,needed,not_needed,started,finished] unknown
VERIFY:COMMENT[string]


